Copyright 1986-2021 Xilinx, Inc. All Rights Reserved.
-------------------------------------------------------------------------------------------------------------------------------------------------------------
| Tool Version     : Vivado v.2021.1 (win64) Build 3247384 Thu Jun 10 19:36:33 MDT 2021
| Date             : Sat Apr 22 15:06:00 2023
| Host             : P2-01 running 64-bit major release  (build 9200)
| Command          : report_power -file VGAController_power_routed.rpt -pb VGAController_power_summary_routed.pb -rpx VGAController_power_routed.rpx
| Design           : VGAController
| Device           : xc7a100tcsg324-1
| Design State     : routed
| Grade            : commercial
| Process          : typical
| Characterization : Production
-------------------------------------------------------------------------------------------------------------------------------------------------------------

Power Report

Table of Contents
-----------------
1. Summary
1.1 On-Chip Components
1.2 Power Supply Summary
1.3 Confidence Level
2. Settings
2.1 Environment
2.2 Clock Constraints
3. Detailed Reports
3.1 By Hierarchy

1. Summary
----------

+--------------------------+----------------------------------+
| Total On-Chip Power (W)  | 38.818 (Junction temp exceeded!) |
| Design Power Budget (W)  | Unspecified*                     |
| Power Budget Margin (W)  | NA                               |
| Dynamic (W)              | 37.955                           |
| Device Static (W)        | 0.863                            |
| Effective TJA (C/W)      | 4.6                              |
| Max Ambient (C)          | 0.0                              |
| Junction Temperature (C) | 125.0                            |
| Confidence Level         | Low                              |
| Setting File             | ---                              |
| Simulation Activity File | ---                              |
| Design Nets Matched      | NA                               |
+--------------------------+----------------------------------+
* Specify Design Power Budget using, set_operating_conditions -design_power_budget <value in Watts>


1.1 On-Chip Components
----------------------

+----------------+-----------+----------+-----------+-----------------+
| On-Chip        | Power (W) | Used     | Available | Utilization (%) |
+----------------+-----------+----------+-----------+-----------------+
| Slice Logic    |     8.890 |     5106 |       --- |             --- |
|   LUT as Logic |     8.598 |     2881 |     63400 |            4.54 |
|   Register     |     0.232 |     1526 |    126800 |            1.20 |
|   CARRY4       |     0.051 |       16 |     15850 |            0.10 |
|   BUFG         |     0.006 |        1 |        32 |            3.13 |
|   F7/F8 Muxes  |     0.004 |        3 |     63400 |           <0.01 |
|   Others       |     0.000 |      439 |       --- |             --- |
| Signals        |    12.984 |     4728 |       --- |             --- |
| Block RAM      |     2.467 |      107 |       135 |           79.26 |
| DSPs           |     1.926 |        9 |       240 |            3.75 |
| I/O            |    11.687 |       42 |       210 |           20.00 |
| Static Power   |     0.863 |          |           |                 |
| Total          |    38.818 |          |           |                 |
+----------------+-----------+----------+-----------+-----------------+


1.2 Power Supply Summary
------------------------

+-----------+-------------+-----------+-------------+------------+-------------+-------------+------------+
| Source    | Voltage (V) | Total (A) | Dynamic (A) | Static (A) | Powerup (A) | Budget (A)  | Margin (A) |
+-----------+-------------+-----------+-------------+------------+-------------+-------------+------------+
| Vccint    |       1.000 |    26.690 |      26.094 |      0.595 |       NA    | Unspecified | NA         |
| Vccaux    |       1.800 |     0.520 |       0.427 |      0.093 |       NA    | Unspecified | NA         |
| Vcco33    |       3.300 |     3.300 |       3.296 |      0.004 |       NA    | Unspecified | NA         |
| Vcco25    |       2.500 |     0.000 |       0.000 |      0.000 |       NA    | Unspecified | NA         |
| Vcco18    |       1.800 |     0.000 |       0.000 |      0.000 |       NA    | Unspecified | NA         |
| Vcco15    |       1.500 |     0.000 |       0.000 |      0.000 |       NA    | Unspecified | NA         |
| Vcco135   |       1.350 |     0.000 |       0.000 |      0.000 |       NA    | Unspecified | NA         |
| Vcco12    |       1.200 |     0.000 |       0.000 |      0.000 |       NA    | Unspecified | NA         |
| Vccaux_io |       1.800 |     0.000 |       0.000 |      0.000 |       NA    | Unspecified | NA         |
| Vccbram   |       1.000 |     0.269 |       0.217 |      0.051 |       NA    | Unspecified | NA         |
| MGTAVcc   |       1.000 |     0.000 |       0.000 |      0.000 |       NA    | Unspecified | NA         |
| MGTAVtt   |       1.200 |     0.000 |       0.000 |      0.000 |       NA    | Unspecified | NA         |
| Vccadc    |       1.800 |     0.020 |       0.000 |      0.020 |       NA    | Unspecified | NA         |
+-----------+-------------+-----------+-------------+------------+-------------+-------------+------------+


1.3 Confidence Level
--------------------

+-----------------------------+------------+--------------------------------------------------------+--------------------------------------------------------------------------------------------------------------------+
| User Input Data             | Confidence | Details                                                | Action                                                                                                             |
+-----------------------------+------------+--------------------------------------------------------+--------------------------------------------------------------------------------------------------------------------+
| Design implementation state | High       | Design is routed                                       |                                                                                                                    |
| Clock nodes activity        | Low        | User specified less than 75% of clocks                 | Provide missing clock activity with a constraint file, simulation results or by editing the "By Clock Domain" view |
| I/O nodes activity          | Low        | More than 75% of inputs are missing user specification | Provide missing input activity with simulation results or by editing the "By Resource Type -> I/Os" view           |
| Internal nodes activity     | Medium     | User specified less than 25% of internal nodes         | Provide missing internal nodes activity with simulation results or by editing the "By Resource Type" views         |
| Device models               | High       | Device models are Production                           |                                                                                                                    |
|                             |            |                                                        |                                                                                                                    |
| Overall confidence level    | Low        |                                                        |                                                                                                                    |
+-----------------------------+------------+--------------------------------------------------------+--------------------------------------------------------------------------------------------------------------------+


2. Settings
-----------

2.1 Environment
---------------

+-----------------------+--------------------------+
| Ambient Temp (C)      | 25.0                     |
| ThetaJA (C/W)         | 4.6                      |
| Airflow (LFM)         | 250                      |
| Heat Sink             | medium (Medium Profile)  |
| ThetaSA (C/W)         | 4.6                      |
| Board Selection       | medium (10"x10")         |
| # of Board Layers     | 12to15 (12 to 15 Layers) |
| Board Temperature (C) | 25.0                     |
+-----------------------+--------------------------+


2.2 Clock Constraints
---------------------

+-------+--------+-----------------+
| Clock | Domain | Constraint (ns) |
+-------+--------+-----------------+


3. Detailed Reports
-------------------

3.1 By Hierarchy
----------------

+---------------------------+-----------+
| Name                      | Power (W) |
+---------------------------+-----------+
| VGAController             |    37.955 |
|   ColorPalette            |     0.129 |
|   Display                 |     0.582 |
|   ImageData               |     2.218 |
|   SpriteData              |     0.752 |
|   SpriteDataScoreLeft     |     0.376 |
|   SpriteDataScoreRight    |     0.366 |
|   wr                      |    16.931 |
|     CPU                   |    16.584 |
|       alu_b_bypass        |     0.482 |
|       dx_latch            |     3.685 |
|       fd_latch            |     0.039 |
|       md_logic            |    10.614 |
|       mw_latch            |     0.579 |
|       pcReg               |     0.006 |
|       xm_latch            |     1.180 |
|     InstMem               |     0.013 |
|     RegisterFile          |     0.334 |
|       decoder_read1       |     0.006 |
|       decoder_read2       |     0.018 |
|       decoder_write       |     0.091 |
|       loop1[10].a_reg     |     0.003 |
|       loop1[12].a_reg     |     0.004 |
|       loop1[14].a_reg     |     0.007 |
|       loop1[16].a_reg     |     0.013 |
|       loop1[18].a_reg     |     0.003 |
|       loop1[20].a_reg     |     0.020 |
|       loop1[23].a_reg     |     0.002 |
|       loop1[24].a_reg     |     0.003 |
|       loop1[26].a_reg     |     0.006 |
|       loop1[29].a_reg     |     0.002 |
|       loop1[2].score_reg2 |     0.040 |
|       loop1[30].a_reg     |     0.076 |
|       loop1[5].a_reg      |     0.004 |
|       loop1[6].a_reg      |     0.003 |
|       loop1[8].a_reg      |     0.032 |
+---------------------------+-----------+


